<?xml version='1.1' encoding='UTF-8'?>
<result plugin="junit@1.27">
  <suites>
    <suite>
      <file>/var/jenkins_home/jobs/mvn_pipeline/workspace/target/surefire-reports/TEST-TestJavaJunit.xml</file>
      <name>TestJavaJunit</name>
      <duration>0.045</duration>
      <time>0.045</time>
      <nodeId>31</nodeId>
      <enclosingBlocks>
        <string>23</string>
      </enclosingBlocks>
      <enclosingBlockNames>
        <string>Install</string>
      </enclosingBlockNames>
      <cases>
        <case>
          <duration>0.019</duration>
          <className>TestJavaJunit</className>
          <testName>TestjustAnExample</testName>
          <skipped>false</skipped>
          <failedSince>0</failedSince>
        </case>
      </cases>
    </suite>
  </suites>
  <duration>0.045</duration>
  <keepLongStdio>false</keepLongStdio>
</result>